0 info it worked if it ends with ok
1 verbose cli [ 'E:\\Program Files\\nodejs\\\\node.exe',
1 verbose cli   'E:\\Program Files\\nodejs\\node_modules\\npm\\bin\\npm-cli.js',
1 verbose cli   'start' ]
2 info using npm@1.4.3
3 info using node@v0.10.26
4 verbose node symlink E:\Program Files\nodejs\\node.exe
5 verbose run-script [ 'prestart', 'start', 'poststart' ]
6 info prestart angular-recommended@0.0.0
7 verbose unsafe-perm in lifecycle true
8 info angular-recommended@0.0.0 Failed to exec prestart script
9 error angular-recommended@0.0.0 prestart: `npm install`
9 error Exit status 1
10 error Failed at the angular-recommended@0.0.0 prestart script.
10 error This is most likely a problem with the angular-recommended package,
10 error not with npm itself.
10 error Tell the author that this fails on your system:
10 error     npm install
10 error You can get their info via:
10 error     npm owner ls angular-recommended
10 error There is likely additional logging output above.
11 error System Windows_NT 6.1.7601
12 error command "E:\\Program Files\\nodejs\\\\node.exe" "E:\\Program Files\\nodejs\\node_modules\\npm\\bin\\npm-cli.js" "start"
13 error cwd F:\workspace\Sublime\AngularJS\Chapter02 Using AngularJS\02-03\BookStore
14 error node -v v0.10.26
15 error npm -v 1.4.3
16 error code ELIFECYCLE
17 verbose exit [ 1, true ]
